<?xml version="1.0" encoding="UTF-8"?>
<testsuite name="com.study.book.springboot.web.IndexControllerTest" tests="1" skipped="0" failures="0" errors="0" timestamp="2020-09-10T14:10:49" hostname="DESKTOP-RCGL6QP" time="0.437">
  <properties/>
  <testcase name="mustacheTest" classname="com.study.book.springboot.web.IndexControllerTest" time="0.437"/>
  <system-out><![CDATA[23:10:42.572 [Test worker] DEBUG org.springframework.test.context.junit4.SpringJUnit4ClassRunner - SpringJUnit4ClassRunner constructor called with [class com.study.book.springboot.web.IndexControllerTest]
23:10:42.580 [Test worker] DEBUG org.springframework.test.context.BootstrapUtils - Instantiating CacheAwareContextLoaderDelegate from class [org.springframework.test.context.cache.DefaultCacheAwareContextLoaderDelegate]
23:10:42.590 [Test worker] DEBUG org.springframework.test.context.BootstrapUtils - Instantiating BootstrapContext using constructor [public org.springframework.test.context.support.DefaultBootstrapContext(java.lang.Class,org.springframework.test.context.CacheAwareContextLoaderDelegate)]
23:10:42.633 [Test worker] DEBUG org.springframework.test.context.BootstrapUtils - Instantiating TestContextBootstrapper for test class [com.study.book.springboot.web.IndexControllerTest] from class [org.springframework.boot.test.context.SpringBootTestContextBootstrapper]
23:10:42.651 [Test worker] INFO org.springframework.boot.test.context.SpringBootTestContextBootstrapper - Neither @ContextConfiguration nor @ContextHierarchy found for test class [com.study.book.springboot.web.IndexControllerTest], using SpringBootContextLoader
23:10:42.656 [Test worker] DEBUG org.springframework.test.context.support.AbstractContextLoader - Did not detect default resource location for test class [com.study.book.springboot.web.IndexControllerTest]: class path resource [com/study/book/springboot/web/IndexControllerTest-context.xml] does not exist
23:10:42.657 [Test worker] DEBUG org.springframework.test.context.support.AbstractContextLoader - Did not detect default resource location for test class [com.study.book.springboot.web.IndexControllerTest]: class path resource [com/study/book/springboot/web/IndexControllerTestContext.groovy] does not exist
23:10:42.657 [Test worker] INFO org.springframework.test.context.support.AbstractContextLoader - Could not detect default resource locations for test class [com.study.book.springboot.web.IndexControllerTest]: no resource found for suffixes {-context.xml, Context.groovy}.
23:10:42.658 [Test worker] INFO org.springframework.test.context.support.AnnotationConfigContextLoaderUtils - Could not detect default configuration classes for test class [com.study.book.springboot.web.IndexControllerTest]: IndexControllerTest does not declare any static, non-private, non-final, nested classes annotated with @Configuration.
23:10:42.710 [Test worker] DEBUG org.springframework.test.context.support.ActiveProfilesUtils - Could not find an 'annotation declaring class' for annotation type [org.springframework.test.context.ActiveProfiles] and class [com.study.book.springboot.web.IndexControllerTest]
23:10:42.830 [Test worker] DEBUG org.springframework.context.annotation.ClassPathScanningCandidateComponentProvider - Identified candidate component class: file [C:\Users\krpw1\Desktop\Backjoon\StudySpringBoot\build\classes\java\main\com\study\book\springboot\Application.class]
23:10:42.831 [Test worker] INFO org.springframework.boot.test.context.SpringBootTestContextBootstrapper - Found @SpringBootConfiguration com.study.book.springboot.Application for test class com.study.book.springboot.web.IndexControllerTest
23:10:42.946 [Test worker] DEBUG org.springframework.boot.test.context.SpringBootTestContextBootstrapper - @TestExecutionListeners is not present for class [com.study.book.springboot.web.IndexControllerTest]: using defaults.
23:10:42.947 [Test worker] INFO org.springframework.boot.test.context.SpringBootTestContextBootstrapper - Loaded default TestExecutionListener class names from location [META-INF/spring.factories]: [org.springframework.security.test.context.support.WithSecurityContextTestExecutionListener, org.springframework.security.test.context.support.ReactorContextTestExecutionListener, org.springframework.boot.test.autoconfigure.restdocs.RestDocsTestExecutionListener, org.springframework.boot.test.autoconfigure.web.client.MockRestServiceServerResetTestExecutionListener, org.springframework.boot.test.autoconfigure.web.servlet.MockMvcPrintOnlyOnFailureTestExecutionListener, org.springframework.boot.test.autoconfigure.web.servlet.WebDriverTestExecutionListener, org.springframework.boot.test.autoconfigure.webservices.client.MockWebServiceServerTestExecutionListener, org.springframework.boot.test.mock.mockito.MockitoTestExecutionListener, org.springframework.boot.test.mock.mockito.ResetMocksTestExecutionListener, org.springframework.test.context.web.ServletTestExecutionListener, org.springframework.test.context.support.DirtiesContextBeforeModesTestExecutionListener, org.springframework.test.context.support.DependencyInjectionTestExecutionListener, org.springframework.test.context.support.DirtiesContextTestExecutionListener, org.springframework.test.context.transaction.TransactionalTestExecutionListener, org.springframework.test.context.jdbc.SqlScriptsTestExecutionListener, org.springframework.test.context.event.EventPublishingTestExecutionListener]
23:10:42.971 [Test worker] INFO org.springframework.boot.test.context.SpringBootTestContextBootstrapper - Using TestExecutionListeners: [org.springframework.test.context.web.ServletTestExecutionListener@386c0352, org.springframework.test.context.support.DirtiesContextBeforeModesTestExecutionListener@1b202d5a, org.springframework.boot.test.mock.mockito.MockitoTestExecutionListener@431a9ac7, org.springframework.boot.test.autoconfigure.SpringBootDependencyInjectionTestExecutionListener@b3d6ef1, org.springframework.test.context.support.DirtiesContextTestExecutionListener@53139a57, org.springframework.test.context.transaction.TransactionalTestExecutionListener@49433792, org.springframework.test.context.jdbc.SqlScriptsTestExecutionListener@5e9840df, org.springframework.security.test.context.support.WithSecurityContextTestExecutionListener@3eb2f71b, org.springframework.test.context.event.EventPublishingTestExecutionListener@713c03b8, org.springframework.security.test.context.support.ReactorContextTestExecutionListener@211345aa, org.springframework.boot.test.autoconfigure.restdocs.RestDocsTestExecutionListener@3d9167ef, org.springframework.boot.test.autoconfigure.web.client.MockRestServiceServerResetTestExecutionListener@14b24569, org.springframework.boot.test.autoconfigure.web.servlet.MockMvcPrintOnlyOnFailureTestExecutionListener@582a584, org.springframework.boot.test.autoconfigure.web.servlet.WebDriverTestExecutionListener@3e078e8b, org.springframework.boot.test.autoconfigure.webservices.client.MockWebServiceServerTestExecutionListener@81f28bb, org.springframework.boot.test.mock.mockito.ResetMocksTestExecutionListener@e00bddc]
23:10:42.974 [Test worker] DEBUG org.springframework.test.annotation.ProfileValueUtils - Retrieved @ProfileValueSourceConfiguration [null] for test class [com.study.book.springboot.web.IndexControllerTest]
23:10:42.975 [Test worker] DEBUG org.springframework.test.annotation.ProfileValueUtils - Retrieved ProfileValueSource type [class org.springframework.test.annotation.SystemProfileValueSource] for class [com.study.book.springboot.web.IndexControllerTest]
23:10:42.977 [Test worker] DEBUG org.springframework.test.annotation.ProfileValueUtils - Retrieved @ProfileValueSourceConfiguration [null] for test class [com.study.book.springboot.web.IndexControllerTest]
23:10:42.977 [Test worker] DEBUG org.springframework.test.annotation.ProfileValueUtils - Retrieved ProfileValueSource type [class org.springframework.test.annotation.SystemProfileValueSource] for class [com.study.book.springboot.web.IndexControllerTest]
23:10:42.978 [Test worker] DEBUG org.springframework.test.annotation.ProfileValueUtils - Retrieved @ProfileValueSourceConfiguration [null] for test class [com.study.book.springboot.web.IndexControllerTest]
23:10:42.978 [Test worker] DEBUG org.springframework.test.annotation.ProfileValueUtils - Retrieved ProfileValueSource type [class org.springframework.test.annotation.SystemProfileValueSource] for class [com.study.book.springboot.web.IndexControllerTest]
23:10:42.979 [Test worker] DEBUG org.springframework.test.annotation.ProfileValueUtils - Retrieved @ProfileValueSourceConfiguration [null] for test class [com.study.book.springboot.web.IndexControllerTest]
23:10:42.979 [Test worker] DEBUG org.springframework.test.annotation.ProfileValueUtils - Retrieved ProfileValueSource type [class org.springframework.test.annotation.SystemProfileValueSource] for class [com.study.book.springboot.web.IndexControllerTest]
23:10:42.985 [Test worker] DEBUG org.springframework.test.context.support.AbstractDirtiesContextTestExecutionListener - Before test class: context [DefaultTestContext@b110b0b testClass = IndexControllerTest, testInstance = [null], testMethod = [null], testException = [null], mergedContextConfiguration = [WebMergedContextConfiguration@5e57ff3f testClass = IndexControllerTest, locations = '{}', classes = '{class com.study.book.springboot.Application}', contextInitializerClasses = '[]', activeProfiles = '{}', propertySourceLocations = '{}', propertySourceProperties = '{org.springframework.boot.test.context.SpringBootTestContextBootstrapper=true, server.port=0}', contextCustomizers = set[org.springframework.boot.test.autoconfigure.properties.PropertyMappingContextCustomizer@0, org.springframework.boot.test.autoconfigure.web.servlet.WebDriverContextCustomizerFactory$Customizer@76b207cc, org.springframework.boot.test.context.filter.ExcludeFilterContextCustomizer@404dcd89, org.springframework.boot.test.json.DuplicateJsonObjectContextCustomizerFactory$DuplicateJsonObjectContextCustomizer@37212366, org.springframework.boot.test.mock.mockito.MockitoContextCustomizer@0, org.springframework.boot.test.web.client.TestRestTemplateContextCustomizer@8edd91a, org.springframework.boot.test.context.SpringBootTestArgs@1], resourceBasePath = 'src/main/webapp', contextLoader = 'org.springframework.boot.test.context.SpringBootContextLoader', parent = [null]], attributes = map['org.springframework.test.context.web.ServletTestExecutionListener.activateListener' -> false]], class annotated with @DirtiesContext [false] with mode [null].
23:10:42.988 [Test worker] DEBUG org.springframework.test.annotation.ProfileValueUtils - Retrieved @ProfileValueSourceConfiguration [null] for test class [com.study.book.springboot.web.IndexControllerTest]
23:10:42.988 [Test worker] DEBUG org.springframework.test.annotation.ProfileValueUtils - Retrieved ProfileValueSource type [class org.springframework.test.annotation.SystemProfileValueSource] for class [com.study.book.springboot.web.IndexControllerTest]
23:10:42.993 [Test worker] DEBUG org.springframework.test.context.support.DependencyInjectionTestExecutionListener - Performing dependency injection for test context [[DefaultTestContext@b110b0b testClass = IndexControllerTest, testInstance = com.study.book.springboot.web.IndexControllerTest@5a197317, testMethod = [null], testException = [null], mergedContextConfiguration = [WebMergedContextConfiguration@5e57ff3f testClass = IndexControllerTest, locations = '{}', classes = '{class com.study.book.springboot.Application}', contextInitializerClasses = '[]', activeProfiles = '{}', propertySourceLocations = '{}', propertySourceProperties = '{org.springframework.boot.test.context.SpringBootTestContextBootstrapper=true, server.port=0}', contextCustomizers = set[org.springframework.boot.test.autoconfigure.properties.PropertyMappingContextCustomizer@0, org.springframework.boot.test.autoconfigure.web.servlet.WebDriverContextCustomizerFactory$Customizer@76b207cc, org.springframework.boot.test.context.filter.ExcludeFilterContextCustomizer@404dcd89, org.springframework.boot.test.json.DuplicateJsonObjectContextCustomizerFactory$DuplicateJsonObjectContextCustomizer@37212366, org.springframework.boot.test.mock.mockito.MockitoContextCustomizer@0, org.springframework.boot.test.web.client.TestRestTemplateContextCustomizer@8edd91a, org.springframework.boot.test.context.SpringBootTestArgs@1], resourceBasePath = 'src/main/webapp', contextLoader = 'org.springframework.boot.test.context.SpringBootContextLoader', parent = [null]], attributes = map['org.springframework.test.context.web.ServletTestExecutionListener.activateListener' -> false]]].
23:10:43.017 [Test worker] DEBUG org.springframework.test.context.support.TestPropertySourceUtils - Adding inlined properties to environment: {spring.jmx.enabled=false, org.springframework.boot.test.context.SpringBootTestContextBootstrapper=true, server.port=0}

  .   ____          _            __ _ _
 /\\ / ___'_ __ _ _(_)_ __  __ _ \ \ \ \
( ( )\___ | '_ | '_| | '_ \/ _` | \ \ \ \
 \\/  ___)| |_)| | | | | || (_| |  ) ) ) )
  '  |____| .__|_| |_|_| |_\__, | / / / /
 =========|_|==============|___/=/_/_/_/
 :: Spring Boot ::        (v2.3.3.RELEASE)

2020-09-10 23:10:43.304  INFO 63256 --- [    Test worker] c.s.b.s.web.IndexControllerTest          : Starting IndexControllerTest on DESKTOP-RCGL6QP with PID 63256 (started by sjh in C:\Users\krpw1\Desktop\Backjoon\StudySpringBoot)
2020-09-10 23:10:43.306  INFO 63256 --- [    Test worker] c.s.b.s.web.IndexControllerTest          : No active profile set, falling back to default profiles: default
2020-09-10 23:10:44.116  INFO 63256 --- [    Test worker] .s.d.r.c.RepositoryConfigurationDelegate : Bootstrapping Spring Data JPA repositories in DEFERRED mode.
2020-09-10 23:10:44.199  INFO 63256 --- [    Test worker] .s.d.r.c.RepositoryConfigurationDelegate : Finished Spring Data repository scanning in 74ms. Found 2 JPA repository interfaces.
2020-09-10 23:10:45.049  INFO 63256 --- [    Test worker] o.s.b.w.embedded.tomcat.TomcatWebServer  : Tomcat initialized with port(s): 0 (http)
2020-09-10 23:10:45.064  INFO 63256 --- [    Test worker] o.apache.catalina.core.StandardService   : Starting service [Tomcat]
2020-09-10 23:10:45.064  INFO 63256 --- [    Test worker] org.apache.catalina.core.StandardEngine  : Starting Servlet engine: [Apache Tomcat/9.0.37]
2020-09-10 23:10:45.220  INFO 63256 --- [    Test worker] o.a.c.c.C.[Tomcat].[localhost].[/]       : Initializing Spring embedded WebApplicationContext
2020-09-10 23:10:45.220  INFO 63256 --- [    Test worker] w.s.c.ServletWebServerApplicationContext : Root WebApplicationContext: initialization completed in 1861 ms
2020-09-10 23:10:45.300  INFO 63256 --- [    Test worker] com.zaxxer.hikari.HikariDataSource       : HikariPool-1 - Starting...
2020-09-10 23:10:45.530  INFO 63256 --- [    Test worker] com.zaxxer.hikari.HikariDataSource       : HikariPool-1 - Start completed.
2020-09-10 23:10:45.540  INFO 63256 --- [    Test worker] o.s.b.a.h2.H2ConsoleAutoConfiguration    : H2 console available at '/h2-console'. Database available at 'jdbc:h2:mem:eac5489e-0a0f-4220-adbb-62ca420e69e9'
2020-09-10 23:10:45.862  INFO 63256 --- [    Test worker] o.s.s.concurrent.ThreadPoolTaskExecutor  : Initializing ExecutorService 'applicationTaskExecutor'
2020-09-10 23:10:45.979  INFO 63256 --- [         task-1] o.hibernate.jpa.internal.util.LogHelper  : HHH000204: Processing PersistenceUnitInfo [name: default]
2020-09-10 23:10:46.079  INFO 63256 --- [         task-1] org.hibernate.Version                    : HHH000412: Hibernate ORM core version 5.4.20.Final
2020-09-10 23:10:46.326  WARN 63256 --- [    Test worker] JpaBaseConfiguration$JpaWebConfiguration : spring.jpa.open-in-view is enabled by default. Therefore, database queries may be performed during view rendering. Explicitly configure spring.jpa.open-in-view to disable this warning
2020-09-10 23:10:46.382  INFO 63256 --- [         task-1] o.hibernate.annotations.common.Version   : HCANN000001: Hibernate Commons Annotations {5.1.0.Final}
2020-09-10 23:10:46.595  INFO 63256 --- [         task-1] org.hibernate.dialect.Dialect            : HHH000400: Using dialect: org.hibernate.dialect.H2Dialect
Hibernate: drop table if exists posts CASCADE 
Hibernate: drop table if exists user CASCADE 
Hibernate: create table posts (id bigint generated by default as identity, created_date timestamp, modified_date timestamp, author varchar(255), content TEXT not null, title varchar(500) not null, primary key (id))
Hibernate: create table user (id bigint generated by default as identity, created_date timestamp, modified_date timestamp, email varchar(255) not null, name varchar(255) not null, picture varchar(255), role varchar(255) not null, primary key (id))
2020-09-10 23:10:47.591  INFO 63256 --- [         task-1] o.h.e.t.j.p.i.JtaPlatformInitiator       : HHH000490: Using JtaPlatform implementation: [org.hibernate.engine.transaction.jta.platform.internal.NoJtaPlatform]
2020-09-10 23:10:47.601  INFO 63256 --- [         task-1] j.LocalContainerEntityManagerFactoryBean : Initialized JPA EntityManagerFactory for persistence unit 'default'
2020-09-10 23:10:47.971  INFO 63256 --- [    Test worker] o.s.s.web.DefaultSecurityFilterChain     : Creating filter chain: any request, [org.springframework.security.web.context.request.async.WebAsyncManagerIntegrationFilter@1ff9d655, org.springframework.security.web.context.SecurityContextPersistenceFilter@30aa9b3d, org.springframework.security.web.header.HeaderWriterFilter@5983261e, org.springframework.security.web.authentication.logout.LogoutFilter@129a449e, org.springframework.security.oauth2.client.web.OAuth2AuthorizationRequestRedirectFilter@1abf74c0, org.springframework.security.oauth2.client.web.OAuth2LoginAuthenticationFilter@508ec013, org.springframework.security.web.authentication.ui.DefaultLoginPageGeneratingFilter@4eba00dd, org.springframework.security.web.authentication.ui.DefaultLogoutPageGeneratingFilter@453898f1, org.springframework.security.web.savedrequest.RequestCacheAwareFilter@44f537c9, org.springframework.security.web.servletapi.SecurityContextHolderAwareRequestFilter@b6535f4, org.springframework.security.web.authentication.AnonymousAuthenticationFilter@4345f7c0, org.springframework.security.web.session.SessionManagementFilter@5722fb93, org.springframework.security.web.access.ExceptionTranslationFilter@a729334, org.springframework.security.web.access.intercept.FilterSecurityInterceptor@ddd1086]
2020-09-10 23:10:48.617  INFO 63256 --- [    Test worker] o.s.b.a.w.s.WelcomePageHandlerMapping    : Adding welcome page template: index
2020-09-10 23:10:49.011  INFO 63256 --- [    Test worker] o.s.b.w.embedded.tomcat.TomcatWebServer  : Tomcat started on port(s): 2703 (http) with context path ''
2020-09-10 23:10:49.013  INFO 63256 --- [    Test worker] DeferredRepositoryInitializationListener : Triggering deferred initialization of Spring Data repositories…
2020-09-10 23:10:49.567  INFO 63256 --- [    Test worker] DeferredRepositoryInitializationListener : Spring Data repositories initialized!
2020-09-10 23:10:49.576  INFO 63256 --- [    Test worker] s.a.ScheduledAnnotationBeanPostProcessor : No TaskScheduler/ScheduledExecutorService bean found for scheduled processing
2020-09-10 23:10:49.586  INFO 63256 --- [    Test worker] c.s.b.s.web.IndexControllerTest          : Started IndexControllerTest in 6.567 seconds (JVM running for 8.129)
2020-09-10 23:10:49.793  INFO 63256 --- [o-auto-1-exec-1] o.a.c.c.C.[Tomcat].[localhost].[/]       : Initializing Spring DispatcherServlet 'dispatcherServlet'
2020-09-10 23:10:49.793  INFO 63256 --- [o-auto-1-exec-1] o.s.web.servlet.DispatcherServlet        : Initializing Servlet 'dispatcherServlet'
2020-09-10 23:10:49.813  INFO 63256 --- [o-auto-1-exec-1] o.s.web.servlet.DispatcherServlet        : Completed initialization in 19 ms
Hibernate: select posts0_.id as id1_0_, posts0_.created_date as created_2_0_, posts0_.modified_date as modified3_0_, posts0_.author as author4_0_, posts0_.content as content5_0_, posts0_.title as title6_0_ from posts posts0_ order by posts0_.id DESC
]]></system-out>
  <system-err><![CDATA[]]></system-err>
</testsuite>
