<?xml version="1.0" encoding="UTF-8"?>
<testsuite name="com.study.book.springboot.web.HelloControllerTest" tests="2" skipped="0" failures="0" errors="0" timestamp="2020-09-10T14:10:52" hostname="DESKTOP-RCGL6QP" time="0.141">
  <properties/>
  <testcase name="doHelloControllerDtoTest" classname="com.study.book.springboot.web.HelloControllerTest" time="0.129"/>
  <testcase name="doHelloControllerTest" classname="com.study.book.springboot.web.HelloControllerTest" time="0.012"/>
  <system-out><![CDATA[2020-09-10 23:10:51.718  INFO 63256 --- [    Test worker] .b.t.a.w.s.WebMvcTestContextBootstrapper : Neither @ContextConfiguration nor @ContextHierarchy found for test class [com.study.book.springboot.web.HelloControllerTest], using SpringBootContextLoader
2020-09-10 23:10:51.719  INFO 63256 --- [    Test worker] o.s.t.c.support.AbstractContextLoader    : Could not detect default resource locations for test class [com.study.book.springboot.web.HelloControllerTest]: no resource found for suffixes {-context.xml, Context.groovy}.
2020-09-10 23:10:51.720  INFO 63256 --- [    Test worker] t.c.s.AnnotationConfigContextLoaderUtils : Could not detect default configuration classes for test class [com.study.book.springboot.web.HelloControllerTest]: HelloControllerTest does not declare any static, non-private, non-final, nested classes annotated with @Configuration.
2020-09-10 23:10:51.733  INFO 63256 --- [    Test worker] .b.t.c.SpringBootTestContextBootstrapper : Found @SpringBootConfiguration com.study.book.springboot.Application for test class com.study.book.springboot.web.HelloControllerTest
2020-09-10 23:10:51.734  INFO 63256 --- [    Test worker] .b.t.a.w.s.WebMvcTestContextBootstrapper : Loaded default TestExecutionListener class names from location [META-INF/spring.factories]: [org.springframework.security.test.context.support.WithSecurityContextTestExecutionListener, org.springframework.security.test.context.support.ReactorContextTestExecutionListener, org.springframework.boot.test.autoconfigure.restdocs.RestDocsTestExecutionListener, org.springframework.boot.test.autoconfigure.web.client.MockRestServiceServerResetTestExecutionListener, org.springframework.boot.test.autoconfigure.web.servlet.MockMvcPrintOnlyOnFailureTestExecutionListener, org.springframework.boot.test.autoconfigure.web.servlet.WebDriverTestExecutionListener, org.springframework.boot.test.autoconfigure.webservices.client.MockWebServiceServerTestExecutionListener, org.springframework.boot.test.mock.mockito.MockitoTestExecutionListener, org.springframework.boot.test.mock.mockito.ResetMocksTestExecutionListener, org.springframework.test.context.web.ServletTestExecutionListener, org.springframework.test.context.support.DirtiesContextBeforeModesTestExecutionListener, org.springframework.test.context.support.DependencyInjectionTestExecutionListener, org.springframework.test.context.support.DirtiesContextTestExecutionListener, org.springframework.test.context.transaction.TransactionalTestExecutionListener, org.springframework.test.context.jdbc.SqlScriptsTestExecutionListener, org.springframework.test.context.event.EventPublishingTestExecutionListener]
2020-09-10 23:10:51.735  INFO 63256 --- [    Test worker] .b.t.a.w.s.WebMvcTestContextBootstrapper : Using TestExecutionListeners: [org.springframework.test.context.web.ServletTestExecutionListener@4e5e2d7d, org.springframework.test.context.support.DirtiesContextBeforeModesTestExecutionListener@16271715, org.springframework.boot.test.mock.mockito.MockitoTestExecutionListener@7bb1c89a, org.springframework.boot.test.autoconfigure.SpringBootDependencyInjectionTestExecutionListener@1d34d31b, org.springframework.test.context.support.DirtiesContextTestExecutionListener@223e2005, org.springframework.test.context.transaction.TransactionalTestExecutionListener@c0f04e8, org.springframework.test.context.jdbc.SqlScriptsTestExecutionListener@790ff8eb, org.springframework.security.test.context.support.WithSecurityContextTestExecutionListener@421850da, org.springframework.test.context.event.EventPublishingTestExecutionListener@11f57e94, org.springframework.security.test.context.support.ReactorContextTestExecutionListener@65291006, org.springframework.boot.test.autoconfigure.restdocs.RestDocsTestExecutionListener@63e764e8, org.springframework.boot.test.autoconfigure.web.client.MockRestServiceServerResetTestExecutionListener@637966ce, org.springframework.boot.test.autoconfigure.web.servlet.MockMvcPrintOnlyOnFailureTestExecutionListener@59c2a5eb, org.springframework.boot.test.autoconfigure.web.servlet.WebDriverTestExecutionListener@74c627f5, org.springframework.boot.test.autoconfigure.webservices.client.MockWebServiceServerTestExecutionListener@2cdedda1, org.springframework.boot.test.mock.mockito.ResetMocksTestExecutionListener@4b981e2]

  .   ____          _            __ _ _
 /\\ / ___'_ __ _ _(_)_ __  __ _ \ \ \ \
( ( )\___ | '_ | '_| | '_ \/ _` | \ \ \ \
 \\/  ___)| |_)| | | | | || (_| |  ) ) ) )
  '  |____| .__|_| |_|_| |_\__, | / / / /
 =========|_|==============|___/=/_/_/_/
 :: Spring Boot ::        (v2.3.3.RELEASE)

2020-09-10 23:10:51.785  INFO 63256 --- [    Test worker] c.s.b.s.web.HelloControllerTest          : Starting HelloControllerTest on DESKTOP-RCGL6QP with PID 63256 (started by sjh in C:\Users\krpw1\Desktop\Backjoon\StudySpringBoot)
2020-09-10 23:10:51.785  INFO 63256 --- [    Test worker] c.s.b.s.web.HelloControllerTest          : No active profile set, falling back to default profiles: default
2020-09-10 23:10:52.122  INFO 63256 --- [    Test worker] o.s.s.concurrent.ThreadPoolTaskExecutor  : Initializing ExecutorService 'applicationTaskExecutor'
2020-09-10 23:10:52.154  INFO 63256 --- [    Test worker] o.s.b.a.w.s.WelcomePageHandlerMapping    : Adding welcome page template: index
2020-09-10 23:10:52.461  INFO 63256 --- [    Test worker] o.s.s.web.DefaultSecurityFilterChain     : Creating filter chain: any request, [org.springframework.security.web.context.request.async.WebAsyncManagerIntegrationFilter@5b934a53, org.springframework.security.web.context.SecurityContextPersistenceFilter@70e1c44d, org.springframework.security.web.header.HeaderWriterFilter@400f5e79, org.springframework.security.web.csrf.CsrfFilter@782973b5, org.springframework.security.web.authentication.logout.LogoutFilter@5722b27b, org.springframework.security.oauth2.client.web.OAuth2AuthorizationRequestRedirectFilter@7d1def2c, org.springframework.security.oauth2.client.web.OAuth2AuthorizationRequestRedirectFilter@64dff008, org.springframework.security.oauth2.client.web.OAuth2LoginAuthenticationFilter@3d133b16, org.springframework.security.web.authentication.ui.DefaultLoginPageGeneratingFilter@68e00963, org.springframework.security.web.authentication.ui.DefaultLogoutPageGeneratingFilter@695c58fc, org.springframework.security.web.savedrequest.RequestCacheAwareFilter@60d42d4b, org.springframework.security.web.servletapi.SecurityContextHolderAwareRequestFilter@5a925bbe, org.springframework.security.web.authentication.AnonymousAuthenticationFilter@5557ada, org.springframework.security.oauth2.client.web.OAuth2AuthorizationCodeGrantFilter@57f77247, org.springframework.security.web.session.SessionManagementFilter@73882916, org.springframework.security.web.access.ExceptionTranslationFilter@cb392c8, org.springframework.security.web.access.intercept.FilterSecurityInterceptor@48e9bbb7]
2020-09-10 23:10:52.510  INFO 63256 --- [    Test worker] o.s.b.t.m.w.SpringBootMockServletContext : Initializing Spring TestDispatcherServlet ''
2020-09-10 23:10:52.510  INFO 63256 --- [    Test worker] o.s.t.web.servlet.TestDispatcherServlet  : Initializing Servlet ''
2020-09-10 23:10:52.519  INFO 63256 --- [    Test worker] o.s.t.web.servlet.TestDispatcherServlet  : Completed initialization in 9 ms
2020-09-10 23:10:52.534  INFO 63256 --- [    Test worker] c.s.b.s.web.HelloControllerTest          : Started HelloControllerTest in 0.795 seconds (JVM running for 11.076)
2020-09-10 23:10:52.548  INFO 63256 --- [    Test worker] o.s.b.t.m.w.SpringBootMockServletContext : Initializing Spring TestDispatcherServlet ''
2020-09-10 23:10:52.548  INFO 63256 --- [    Test worker] o.s.t.web.servlet.TestDispatcherServlet  : Initializing Servlet ''
2020-09-10 23:10:52.549  INFO 63256 --- [    Test worker] o.s.t.web.servlet.TestDispatcherServlet  : Completed initialization in 1 ms
2020-09-10 23:10:52.668  INFO 63256 --- [    Test worker] o.s.b.t.m.w.SpringBootMockServletContext : Initializing Spring TestDispatcherServlet ''
2020-09-10 23:10:52.669  INFO 63256 --- [    Test worker] o.s.t.web.servlet.TestDispatcherServlet  : Initializing Servlet ''
2020-09-10 23:10:52.670  INFO 63256 --- [    Test worker] o.s.t.web.servlet.TestDispatcherServlet  : Completed initialization in 1 ms
]]></system-out>
  <system-err><![CDATA[]]></system-err>
</testsuite>
