<?xml version="1.0" encoding="UTF-8"?>
<testsuite name="com.study.book.springboot.web.dto.HelloResponseDtoTest" tests="1" skipped="0" failures="0" errors="0" timestamp="2020-09-10T14:10:51" hostname="DESKTOP-RCGL6QP" time="0.004">
  <properties/>
  <testcase name="lombokTest" classname="com.study.book.springboot.web.dto.HelloResponseDtoTest" time="0.004"/>
  <system-out><![CDATA[]]></system-out>
  <system-err><![CDATA[]]></system-err>
</testsuite>
