<?xml version="1.0" encoding="UTF-8"?>
<testsuite name="com.study.book.springboot.web.PostsApiControllerTest" tests="2" skipped="0" failures="0" errors="0" timestamp="2020-09-10T14:10:52" hostname="DESKTOP-RCGL6QP" time="0.113">
  <properties/>
  <testcase name="registerTest" classname="com.study.book.springboot.web.PostsApiControllerTest" time="0.084"/>
  <testcase name="updateTest" classname="com.study.book.springboot.web.PostsApiControllerTest" time="0.028"/>
  <system-out><![CDATA[2020-09-10 23:10:52.682  INFO 63256 --- [    Test worker] .b.t.c.SpringBootTestContextBootstrapper : Neither @ContextConfiguration nor @ContextHierarchy found for test class [com.study.book.springboot.web.PostsApiControllerTest], using SpringBootContextLoader
2020-09-10 23:10:52.683  INFO 63256 --- [    Test worker] o.s.t.c.support.AbstractContextLoader    : Could not detect default resource locations for test class [com.study.book.springboot.web.PostsApiControllerTest]: no resource found for suffixes {-context.xml, Context.groovy}.
2020-09-10 23:10:52.683  INFO 63256 --- [    Test worker] t.c.s.AnnotationConfigContextLoaderUtils : Could not detect default configuration classes for test class [com.study.book.springboot.web.PostsApiControllerTest]: PostsApiControllerTest does not declare any static, non-private, non-final, nested classes annotated with @Configuration.
2020-09-10 23:10:52.685  INFO 63256 --- [    Test worker] .b.t.c.SpringBootTestContextBootstrapper : Found @SpringBootConfiguration com.study.book.springboot.Application for test class com.study.book.springboot.web.PostsApiControllerTest
2020-09-10 23:10:52.687  INFO 63256 --- [    Test worker] .b.t.c.SpringBootTestContextBootstrapper : Loaded default TestExecutionListener class names from location [META-INF/spring.factories]: [org.springframework.security.test.context.support.WithSecurityContextTestExecutionListener, org.springframework.security.test.context.support.ReactorContextTestExecutionListener, org.springframework.boot.test.autoconfigure.restdocs.RestDocsTestExecutionListener, org.springframework.boot.test.autoconfigure.web.client.MockRestServiceServerResetTestExecutionListener, org.springframework.boot.test.autoconfigure.web.servlet.MockMvcPrintOnlyOnFailureTestExecutionListener, org.springframework.boot.test.autoconfigure.web.servlet.WebDriverTestExecutionListener, org.springframework.boot.test.autoconfigure.webservices.client.MockWebServiceServerTestExecutionListener, org.springframework.boot.test.mock.mockito.MockitoTestExecutionListener, org.springframework.boot.test.mock.mockito.ResetMocksTestExecutionListener, org.springframework.test.context.web.ServletTestExecutionListener, org.springframework.test.context.support.DirtiesContextBeforeModesTestExecutionListener, org.springframework.test.context.support.DependencyInjectionTestExecutionListener, org.springframework.test.context.support.DirtiesContextTestExecutionListener, org.springframework.test.context.transaction.TransactionalTestExecutionListener, org.springframework.test.context.jdbc.SqlScriptsTestExecutionListener, org.springframework.test.context.event.EventPublishingTestExecutionListener]
2020-09-10 23:10:52.688  INFO 63256 --- [    Test worker] .b.t.c.SpringBootTestContextBootstrapper : Using TestExecutionListeners: [org.springframework.test.context.web.ServletTestExecutionListener@779ef102, org.springframework.test.context.support.DirtiesContextBeforeModesTestExecutionListener@4239df4a, org.springframework.boot.test.mock.mockito.MockitoTestExecutionListener@70925d3d, org.springframework.boot.test.autoconfigure.SpringBootDependencyInjectionTestExecutionListener@34a3b34d, org.springframework.test.context.support.DirtiesContextTestExecutionListener@3435423a, org.springframework.test.context.transaction.TransactionalTestExecutionListener@387a1879, org.springframework.test.context.jdbc.SqlScriptsTestExecutionListener@5ae3d1fe, org.springframework.security.test.context.support.WithSecurityContextTestExecutionListener@73f32834, org.springframework.test.context.event.EventPublishingTestExecutionListener@6dc980e2, org.springframework.security.test.context.support.ReactorContextTestExecutionListener@598f4f2, org.springframework.boot.test.autoconfigure.restdocs.RestDocsTestExecutionListener@4130b99e, org.springframework.boot.test.autoconfigure.web.client.MockRestServiceServerResetTestExecutionListener@2be89b04, org.springframework.boot.test.autoconfigure.web.servlet.MockMvcPrintOnlyOnFailureTestExecutionListener@a87d00b, org.springframework.boot.test.autoconfigure.web.servlet.WebDriverTestExecutionListener@487a8acd, org.springframework.boot.test.autoconfigure.webservices.client.MockWebServiceServerTestExecutionListener@cc22615, org.springframework.boot.test.mock.mockito.ResetMocksTestExecutionListener@631dbc32]
2020-09-10 23:10:52.694  INFO 63256 --- [    Test worker] o.a.c.c.C.[Tomcat].[localhost].[/]       : Initializing Spring TestDispatcherServlet ''
2020-09-10 23:10:52.694  INFO 63256 --- [    Test worker] o.s.t.web.servlet.TestDispatcherServlet  : Initializing Servlet ''
2020-09-10 23:10:52.695  INFO 63256 --- [    Test worker] o.s.t.web.servlet.TestDispatcherServlet  : Completed initialization in 1 ms
Hibernate: insert into posts (id, created_date, modified_date, author, content, title) values (null, ?, ?, ?, ?, ?)
Hibernate: select posts0_.id as id1_0_, posts0_.created_date as created_2_0_, posts0_.modified_date as modified3_0_, posts0_.author as author4_0_, posts0_.content as content5_0_, posts0_.title as title6_0_ from posts posts0_
Hibernate: select posts0_.id as id1_0_, posts0_.created_date as created_2_0_, posts0_.modified_date as modified3_0_, posts0_.author as author4_0_, posts0_.content as content5_0_, posts0_.title as title6_0_ from posts posts0_
Hibernate: delete from posts where id=?
2020-09-10 23:10:52.778  INFO 63256 --- [    Test worker] o.a.c.c.C.[Tomcat].[localhost].[/]       : Initializing Spring TestDispatcherServlet ''
2020-09-10 23:10:52.778  INFO 63256 --- [    Test worker] o.s.t.web.servlet.TestDispatcherServlet  : Initializing Servlet ''
2020-09-10 23:10:52.780  INFO 63256 --- [    Test worker] o.s.t.web.servlet.TestDispatcherServlet  : Completed initialization in 2 ms
Hibernate: insert into posts (id, created_date, modified_date, author, content, title) values (null, ?, ?, ?, ?, ?)
Hibernate: select posts0_.id as id1_0_0_, posts0_.created_date as created_2_0_0_, posts0_.modified_date as modified3_0_0_, posts0_.author as author4_0_0_, posts0_.content as content5_0_0_, posts0_.title as title6_0_0_ from posts posts0_ where posts0_.id=?
Hibernate: select posts0_.id as id1_0_, posts0_.created_date as created_2_0_, posts0_.modified_date as modified3_0_, posts0_.author as author4_0_, posts0_.content as content5_0_, posts0_.title as title6_0_ from posts posts0_
Hibernate: select posts0_.id as id1_0_, posts0_.created_date as created_2_0_, posts0_.modified_date as modified3_0_, posts0_.author as author4_0_, posts0_.content as content5_0_, posts0_.title as title6_0_ from posts posts0_
Hibernate: delete from posts where id=?
]]></system-out>
  <system-err><![CDATA[]]></system-err>
</testsuite>
